# JRE version: OpenJDK Runtime Environment (8.0_76-b03) (build 1.8.0_76-release-b03)
# Java VM: OpenJDK 64-Bit Server VM (25.76-b03 mixed mode windows-amd64 compressed oops)
Heap:
 PSYoungGen      total 292352K, used 256706K [0x00000000e0000000, 0x00000000f2e00000, 0x0000000100000000)
  eden space 276480K, 92% used [0x00000000e0000000,0x00000000efab0a68,0x00000000f0e00000)
  from space 15872K, 0% used [0x00000000f1e80000,0x00000000f1e80000,0x00000000f2e00000)
  to   space 16384K, 0% used [0x00000000f0e00000,0x00000000f0e00000,0x00000000f1e00000)
 ParOldGen       total 91136K, used 37126K [0x00000000a0000000, 0x00000000a5900000, 0x00000000e0000000)
  object space 91136K, 40% used [0x00000000a0000000,0x00000000a24419d8,0x00000000a5900000)
 Metaspace       used 76066K, capacity 79090K, committed 79104K, reserved 1120256K
  class space    used 9692K, capacity 10231K, committed 10240K, reserved 1048576K
GC Heap History (10 events):
Event: 989.937 GC heap before
{Heap before GC invocations=33 (full 6):
 PSYoungGen      total 245760K, used 672K [0x00000000e0000000, 0x00000000f1d80000, 0x0000000100000000)
  eden space 226816K, 0% used [0x00000000e0000000,0x00000000e0000000,0x00000000edd80000)
  from space 18944K, 3% used [0x00000000edd80000,0x00000000ede28020,0x00000000ef000000)
  to   space 18944K, 0% used [0x00000000f0b00000,0x00000000f0b00000,0x00000000f1d80000)
 ParOldGen       total 91136K, used 36302K [0x00000000a0000000, 0x00000000a5900000, 0x00000000e0000000)
  object space 91136K, 39% used [0x00000000a0000000,0x00000000a23738a8,0x00000000a5900000)
 Metaspace       used 66864K, capacity 69020K, committed 69376K, reserved 1110016K
  class space    used 8449K, capacity 8843K, committed 8960K, reserved 1048576K
Event: 990.881 GC heap after
Heap after GC invocations=33 (full 6):
 PSYoungGen      total 245760K, used 0K [0x00000000e0000000, 0x00000000f1d80000, 0x0000000100000000)
  eden space 226816K, 0% used [0x00000000e0000000,0x00000000e0000000,0x00000000edd80000)
  from space 18944K, 0% used [0x00000000edd80000,0x00000000edd80000,0x00000000ef000000)
  to   space 18944K, 0% used [0x00000000f0b00000,0x00000000f0b00000,0x00000000f1d80000)
 ParOldGen       total 91136K, used 33797K [0x00000000a0000000, 0x00000000a5900000, 0x00000000e0000000)
  object space 91136K, 37% used [0x00000000a0000000,0x00000000a2101788,0x00000000a5900000)
 Metaspace       used 66864K, capacity 69020K, committed 69376K, reserved 1110016K
  class space    used 8449K, capacity 8843K, committed 8960K, reserved 1048576K
}
Event: 1246.998 GC heap before
{Heap before GC invocations=34 (full 6):
 PSYoungGen      total 245760K, used 226816K [0x00000000e0000000, 0x00000000f1d80000, 0x0000000100000000)
  eden space 226816K, 100% used [0x00000000e0000000,0x00000000edd80000,0x00000000edd80000)
  from space 18944K, 0% used [0x00000000edd80000,0x00000000edd80000,0x00000000ef000000)
  to   space 18944K, 0% used [0x00000000f0b00000,0x00000000f0b00000,0x00000000f1d80000)
 ParOldGen       total 91136K, used 33797K [0x00000000a0000000, 0x00000000a5900000, 0x00000000e0000000)
  object space 91136K, 37% used [0x00000000a0000000,0x00000000a2101788,0x00000000a5900000)
 Metaspace       used 67343K, capacity 69712K, committed 69888K, reserved 1110016K
  class space    used 8490K, capacity 8903K, committed 8960K, reserved 1048576K
Event: 1249.268 GC heap after
Heap after GC invocations=34 (full 6):
 PSYoungGen      total 261120K, used 5280K [0x00000000e0000000, 0x00000000f1680000, 0x0000000100000000)
  eden space 249344K, 0% used [0x00000000e0000000,0x00000000e0000000,0x00000000ef380000)
  from space 11776K, 44% used [0x00000000f0b00000,0x00000000f1028020,0x00000000f1680000)
  to   space 17920K, 0% used [0x00000000ef380000,0x00000000ef380000,0x00000000f0500000)
 ParOldGen       total 91136K, used 33805K [0x00000000a0000000, 0x00000000a5900000, 0x00000000e0000000)
  object space 91136K, 37% used [0x00000000a0000000,0x00000000a2103788,0x00000000a5900000)
 Metaspace       used 67343K, capacity 69712K, committed 69888K, reserved 1110016K
  class space    used 8490K, capacity 8903K, committed 8960K, reserved 1048576K
}
Event: 1293.782 GC heap before
{Heap before GC invocations=35 (full 6):
 PSYoungGen      total 261120K, used 254624K [0x00000000e0000000, 0x00000000f1680000, 0x0000000100000000)
  eden space 249344K, 100% used [0x00000000e0000000,0x00000000ef380000,0x00000000ef380000)
  from space 11776K, 44% used [0x00000000f0b00000,0x00000000f1028020,0x00000000f1680000)
  to   space 17920K, 0% used [0x00000000ef380000,0x00000000ef380000,0x00000000f0500000)
 ParOldGen       total 91136K, used 33805K [0x00000000a0000000, 0x00000000a5900000, 0x00000000e0000000)
  object space 91136K, 37% used [0x00000000a0000000,0x00000000a2103788,0x00000000a5900000)
 Metaspace       used 67696K, capacity 70058K, committed 70144K, reserved 1110016K
  class space    used 8493K, capacity 8907K, committed 8960K, reserved 1048576K
Event: 1294.257 GC heap after
Heap after GC invocations=35 (full 6):
 PSYoungGen      total 267264K, used 6242K [0x00000000e0000000, 0x00000000f2f00000, 0x0000000100000000)
  eden space 249344K, 0% used [0x00000000e0000000,0x00000000e0000000,0x00000000ef380000)
  from space 17920K, 34% used [0x00000000ef380000,0x00000000ef998be0,0x00000000f0500000)
  to   space 16896K, 0% used [0x00000000f1e80000,0x00000000f1e80000,0x00000000f2f00000)
 ParOldGen       total 91136K, used 33813K [0x00000000a0000000, 0x00000000a5900000, 0x00000000e0000000)
  object space 91136K, 37% used [0x00000000a0000000,0x00000000a2105788,0x00000000a5900000)
 Metaspace       used 67696K, capacity 70058K, committed 70144K, reserved 1110016K
  class space    used 8493K, capacity 8907K, committed 8960K, reserved 1048576K
}
Event: 1298.091 GC heap before
{Heap before GC invocations=36 (full 6):
 PSYoungGen      total 267264K, used 69736K [0x00000000e0000000, 0x00000000f2f00000, 0x0000000100000000)
  eden space 249344K, 25% used [0x00000000e0000000,0x00000000e3e01698,0x00000000ef380000)
  from space 17920K, 34% used [0x00000000ef380000,0x00000000ef998be0,0x00000000f0500000)
  to   space 16896K, 0% used [0x00000000f1e80000,0x00000000f1e80000,0x00000000f2f00000)
 ParOldGen       total 91136K, used 33813K [0x00000000a0000000, 0x00000000a5900000, 0x00000000e0000000)
  object space 91136K, 37% used [0x00000000a0000000,0x00000000a2105788,0x00000000a5900000)
 Metaspace       used 67731K, capacity 70128K, committed 70400K, reserved 1110016K
  class space    used 8494K, capacity 8908K, committed 8960K, reserved 1048576K
Event: 1298.111 GC heap after
Heap after GC invocations=36 (full 6):
 PSYoungGen      total 292352K, used 3743K [0x00000000e0000000, 0x00000000f2e00000, 0x0000000100000000)
  eden space 276480K, 0% used [0x00000000e0000000,0x00000000e0000000,0x00000000f0e00000)
  from space 15872K, 23% used [0x00000000f1e80000,0x00000000f2227f58,0x00000000f2e00000)
  to   space 16384K, 0% used [0x00000000f0e00000,0x00000000f0e00000,0x00000000f1e00000)
 ParOldGen       total 91136K, used 33821K [0x00000000a0000000, 0x00000000a5900000, 0x00000000e0000000)
  object space 91136K, 37% used [0x00000000a0000000,0x00000000a2107788,0x00000000a5900000)
 Metaspace       used 67731K, capacity 70128K, committed 70400K, reserved 1110016K
  class space    used 8494K, capacity 8908K, committed 8960K, reserved 1048576K
}
Event: 1298.136 GC heap before
{Heap before GC invocations=37 (full 7):
 PSYoungGen      total 292352K, used 3743K [0x00000000e0000000, 0x00000000f2e00000, 0x0000000100000000)
  eden space 276480K, 0% used [0x00000000e0000000,0x00000000e0000000,0x00000000f0e00000)
  from space 15872K, 23% used [0x00000000f1e80000,0x00000000f2227f58,0x00000000f2e00000)
  to   space 16384K, 0% used [0x00000000f0e00000,0x00000000f0e00000,0x00000000f1e00000)
 ParOldGen       total 91136K, used 33821K [0x00000000a0000000, 0x00000000a5900000, 0x00000000e0000000)
  object space 91136K, 37% used [0x00000000a0000000,0x00000000a2107788,0x00000000a5900000)
 Metaspace       used 67731K, capacity 70128K, committed 70400K, reserved 1110016K
  class space    used 8494K, capacity 8908K, committed 8960K, reserved 1048576K
Event: 1334.286 GC heap after
Heap after GC invocations=37 (full 7):
 PSYoungGen      total 292352K, used 0K [0x00000000e0000000, 0x00000000f2e00000, 0x0000000100000000)
  eden space 276480K, 0% used [0x00000000e0000000,0x00000000e0000000,0x00000000f0e00000)
  from space 15872K, 0% used [0x00000000f1e80000,0x00000000f1e80000,0x00000000f2e00000)
  to   space 16384K, 0% used [0x00000000f0e00000,0x00000000f0e00000,0x00000000f1e00000)
 ParOldGen       total 91136K, used 37126K [0x00000000a0000000, 0x00000000a5900000, 0x00000000e0000000)
  object space 91136K, 40% used [0x00000000a0000000,0x00000000a24419d8,0x00000000a5900000)
 Metaspace       used 67731K, capacity 70128K, committed 70400K, reserved 1110016K
  class space    used 8494K, capacity 8908K, committed 8960K, reserved 1048576K
}

